

                                                                      Page 1
ispLEVER Classic 2.1.00.02.49.20  -  Device Utilization Chart         Wed Feb 07 09:50:30 2024



--------------------------------------------------------------------------------

Module                   : 'half_adder'

--------------------------------------------------------------------------------

Input files:

    ABEL PLA file        : half_adder.tt3
    Device library       : P22V10GC.dev

Output files:

    Report file          : half_adder.rpt
    Programmer load file : half_adder.jed

--------------------------------------------------------------------------------


                                                                      Page 2
ispLEVER Classic 2.1.00.02.49.20  -  Device Utilization Chart         Wed Feb 07 09:50:30 2024

P22V10GC Programmed Logic:
--------------------------------------------------------------------------------



sum     = (  !a & b 
           #   a & !b );

carry_out     = (  a & b );



                                                                      Page 3
ispLEVER Classic 2.1.00.02.49.20  -  Device Utilization Chart         Wed Feb 07 09:50:30 2024

P22V10GC Chip Diagram: (PLCC package)
--------------------------------------------------------------------------------




                                    P22V10GC

                                                  c
                                                  a
                                                  r
                                                  r
                                                  y
                                                  _
                                               s  o
                                               u  u
                                b  a           m  t
                              /----------------------
                             /  4  3  2  1 28 27 26 |
                             |                      |
                             |  5                25 |                             
                             |                      |
                             |  6                24 |                             
                             |                      |
                             |  7                23 |                             
                             |                      |
                             |  8                22 |                             
                             |                      |
                             |  9                21 |                             
                             |                      |
                             | 10                20 |                             
                             |                      |
                             | 11                19 |                             
                             |                      |
                             | 12 13 14 15 16 17 18 |
                             ------------------------

                        SIGNATURE: N/A


                                                                      Page 4
ispLEVER Classic 2.1.00.02.49.20  -  Device Utilization Chart         Wed Feb 07 09:50:30 2024

P22V10GC Chip Diagram: (SSOP package)
--------------------------------------------------------------------------------




                                  P22V10GC

                          ___________________________
                         | ***                       |
                         |                           |
                         |  1                    28  | Vcc                     
                         |                           |
                         |  2                    27  | sum                     
                         |                           |
                       a |  3                    26  | carry_out               
                         |                           |
                       b |  4                    25  |                         
                         |                           |
                         |  5                    24  |                         
                         |                           |
                         |  6                    23  |                         
                         |                           |
                         |  7                    22  |                         
                         |                           |
                         |  8                    21  |                         
                         |                           |
                         |  9                    20  |                         
                         |                           |
                         | 10                    19  |                         
                         |                           |
                         | 11                    18  |                         
                         |                           |
                         | 12                    17  |                         
                         |                           |
                         | 13                    16  |                         
                         |                           |
                     GND | 14                    15  |                         
                         |                           |
                         |                           |
                         `---------------------------'

                        SIGNATURE: N/A


                                                                      Page 5
ispLEVER Classic 2.1.00.02.49.20  -  Device Utilization Chart         Wed Feb 07 09:50:30 2024

P22V10GC Resource Allocations:
--------------------------------------------------------------------------------



        Device        | Resource  |   Design    |
       Resources      | Available | Requirement | Unused
======================|===========|=============|==============
                      |           |             |
Input Pins:           |           |             |
                      |           |             |
          Input:      |     12    |      2      |   10 ( 83 %)
                      |           |             |
Output Pins:          |           |             |
                      |           |             |
          In/Out:     |     10    |      2      |    8 ( 80 %)
          Output:     |      -    |      -      |    -
                      |           |             |
Buried Nodes:         |           |             |
                      |           |             |
          Input Reg:  |      -    |      -      |    -
          Pin Reg:    |     10    |      0      |   10 (100 %)
          Buried Reg: |      -    |      -      |    -


                                                                      Page 6
ispLEVER Classic 2.1.00.02.49.20  -  Device Utilization Chart         Wed Feb 07 09:50:30 2024

P22V10GC Product Terms Distribution:
--------------------------------------------------------------------------------



            Signal                       |    Pin   | Terms | Terms | Terms
             Name                        | Assigned | Used  |  Max  | Unused
=========================================|==========|=======|=======|=======
sum                                      |   27     |   2   |   8   |   6
carry_out                                |   26     |   1   |  10   |   9


     ==== List of Inputs/Feedbacks ====

Signal Name                              | Pin      | Pin Type
=========================================|==========|=========
a                                        |    3     | INPUT
b                                        |    4     | INPUT


                                                                      Page 7
ispLEVER Classic 2.1.00.02.49.20  -  Device Utilization Chart         Wed Feb 07 09:50:30 2024

P22V10GC Unused Resources:
--------------------------------------------------------------------------------



 Pin   |  Pin   |   Product   | Flip-flop
Number |  Type  |   Terms     |   Type
=======|========|=============|==========
    5  |  INPUT |      -      |    -   
    6  |  INPUT |      -      |    -   
    7  |  INPUT |      -      |    -   
    9  |  INPUT |      -      |    -   
   10  |  INPUT |      -      |    -   
   11  |  INPUT |      -      |    -   
   12  |  INPUT |      -      |    -   
   13  |  INPUT |      -      |    -   
   16  |  INPUT |      -      |    -   
   17  |  BIDIR | NORMAL  8   |    D
   18  |  BIDIR | NORMAL 10   |    D
   19  |  BIDIR | NORMAL 12   |    D
   20  |  BIDIR | NORMAL 14   |    D
   21  |  BIDIR | NORMAL 16   |    D
   23  |  BIDIR | NORMAL 16   |    D
   24  |  BIDIR | NORMAL 14   |    D
   25  |  BIDIR | NORMAL 12   |    D
