# ELBREAD: Elaboration process.
# ELBREAD: Elaboration time 0.0 [s].
# Waveform file 'F:/ESE382-Lab/Lab2/lab02b/lab02b/src/lab02b_waveform.awc' connected to 'F:/ESE382-Lab/Lab2/lab02b/lab02b/src/lab02b_waveform.asdb'.
acom -O3 -e 100 -work lab02b -2002  $dsn/src/half_adder.vhq
# Warning: DAGGEN_0523: The source is compiled without the -dbg switch. Line breakpoints and assertion debug will not be available.
# File: F:/ESE382-Lab/Lab2/lab02b/lab02b/src/half_adder.vhq
# Compile Entity "half_adder"
# Error: COMP96_0059: half_adder.vhq : (22, 1): Library "j2svlib" not found.
# Error: COMP96_0078: half_adder.vhq : (23, 5): Unknown identifier "j2svlib".
# Compile Architecture "structure" of Entity "half_adder"
# Too many errors - compilation terminated
# Error: COMP96_0078: half_adder.vhq : (125, 19): Unknown identifier "PIN02".
# Error: COMP96_0078: half_adder.vhq : (125, 31): Unknown identifier "g_delay".
# Error: COMP96_0078: half_adder.vhq : (125, 50): Unknown identifier "tpLH_iob".
# Error: COMP96_0078: half_adder.vhq : (125, 59): Unknown identifier "tpHL_iob".
# Error: COMP96_0133: half_adder.vhq : (125, 19): Cannot find object declaration.
# Error: COMP96_0077: half_adder.vhq : (125, 19): Undefined type of expression. Expected type 'STD_ULOGIC'.
# Error: COMP96_0133: half_adder.vhq : (125, 31): Cannot find object declaration.
# Error: COMP96_0289: half_adder.vhq : (125, 31): Prefix of index must be an array.
# Error: COMP96_0085: half_adder.vhq : (125, 31): Time expression expected.
# Error: COMP96_0078: half_adder.vhq : (126, 25): Unknown identifier "PIN02".
# Error: COMP96_0078: half_adder.vhq : (126, 38): Unknown identifier "g_delay".
# Error: COMP96_0078: half_adder.vhq : (126, 58): Unknown identifier "tpLH_iob".
# Error: COMP96_0078: half_adder.vhq : (126, 67): Unknown identifier "tpHL_iob".
# Error: COMP96_0133: half_adder.vhq : (126, 25): Cannot find object declaration.
# Error: COMP96_0077: half_adder.vhq : (126, 21): Undefined type of expression. Expected type 'STD_ULOGIC'.
# Error: COMP96_0133: half_adder.vhq : (126, 38): Cannot find object declaration.
# Error: COMP96_0289: half_adder.vhq : (126, 38): Prefix of index must be an array.
# Error: COMP96_0085: half_adder.vhq : (126, 38): Time expression expected.
# Error: COMP96_0078: half_adder.vhq : (127, 28): Unknown identifier "g_delay".
# Error: COMP96_0078: half_adder.vhq : (127, 48): Unknown identifier "tpLH_iob".
# Error: COMP96_0078: half_adder.vhq : (127, 57): Unknown identifier "tpHL_iob".
# Error: COMP96_0133: half_adder.vhq : (127, 28): Cannot find object declaration.
# Error: COMP96_0289: half_adder.vhq : (127, 28): Prefix of index must be an array.
# Error: COMP96_0085: half_adder.vhq : (127, 28): Time expression expected.
# Error: COMP96_0078: half_adder.vhq : (128, 35): Unknown identifier "g_delay".
# Error: COMP96_0078: half_adder.vhq : (128, 56): Unknown identifier "tpLH_iob".
# Error: COMP96_0078: half_adder.vhq : (128, 65): Unknown identifier "tpHL_iob".
# Error: COMP96_0133: half_adder.vhq : (128, 35): Cannot find object declaration.
# Error: COMP96_0289: half_adder.vhq : (128, 35): Prefix of index must be an array.
# Error: COMP96_0085: half_adder.vhq : (128, 35): Time expression expected.
# Error: COMP96_0078: half_adder.vhq : (129, 28): Unknown identifier "g_delay".
# Error: COMP96_0078: half_adder.vhq : (129, 48): Unknown identifier "tpLH_iob".
# Error: COMP96_0078: half_adder.vhq : (129, 57): Unknown identifier "tpHL_iob".
# Error: COMP96_0133: half_adder.vhq : (129, 28): Cannot find object declaration.
# Error: COMP96_0289: half_adder.vhq : (129, 28): Prefix of index must be an array.
# Error: COMP96_0085: half_adder.vhq : (129, 28): Time expression expected.
# Error: COMP96_0078: half_adder.vhq : (130, 35): Unknown identifier "g_delay".
# Error: COMP96_0078: half_adder.vhq : (130, 56): Unknown identifier "tpLH_iob".
# Error: COMP96_0078: half_adder.vhq : (130, 65): Unknown identifier "tpHL_iob".
# Error: COMP96_0133: half_adder.vhq : (130, 35): Cannot find object declaration.
# Error: COMP96_0289: half_adder.vhq : (130, 35): Prefix of index must be an array.
# Error: COMP96_0085: half_adder.vhq : (130, 35): Time expression expected.
# Error: COMP96_0078: half_adder.vhq : (131, 20): Unknown identifier "PIN05".
# Error: COMP96_0078: half_adder.vhq : (131, 32): Unknown identifier "g_delay".
# Error: COMP96_0078: half_adder.vhq : (131, 52): Unknown identifier "tpLH_iob".
# Error: COMP96_0078: half_adder.vhq : (131, 61): Unknown identifier "tpHL_iob".
# Error: COMP96_0133: half_adder.vhq : (131, 20): Cannot find object declaration.
# Error: COMP96_0077: half_adder.vhq : (131, 20): Undefined type of expression. Expected type 'STD_ULOGIC'.
# Error: COMP96_0133: half_adder.vhq : (131, 32): Cannot find object declaration.
# Error: COMP96_0289: half_adder.vhq : (131, 32): Prefix of index must be an array.
# Error: COMP96_0085: half_adder.vhq : (131, 32): Time expression expected.
# Error: COMP96_0078: half_adder.vhq : (132, 26): Unknown identifier "PIN05".
# Error: COMP96_0078: half_adder.vhq : (132, 39): Unknown identifier "g_delay".
# Error: COMP96_0078: half_adder.vhq : (132, 60): Unknown identifier "tpLH_iob".
# Error: COMP96_0078: half_adder.vhq : (132, 69): Unknown identifier "tpHL_iob".
# Error: COMP96_0133: half_adder.vhq : (132, 26): Cannot find object declaration.
# Error: COMP96_0077: half_adder.vhq : (132, 22): Undefined type of expression. Expected type 'STD_ULOGIC'.
# Error: COMP96_0133: half_adder.vhq : (132, 39): Cannot find object declaration.
# Error: COMP96_0289: half_adder.vhq : (132, 39): Prefix of index must be an array.
# Error: COMP96_0085: half_adder.vhq : (132, 39): Time expression expected.
# Error: COMP96_0078: half_adder.vhq : (133, 20): Unknown identifier "PIN06".
# Error: COMP96_0078: half_adder.vhq : (133, 32): Unknown identifier "g_delay".
# Error: COMP96_0078: half_adder.vhq : (133, 52): Unknown identifier "tpLH_iob".
# Error: COMP96_0078: half_adder.vhq : (133, 61): Unknown identifier "tpHL_iob".
# Error: COMP96_0133: half_adder.vhq : (133, 20): Cannot find object declaration.
# Error: COMP96_0077: half_adder.vhq : (133, 20): Undefined type of expression. Expected type 'STD_ULOGIC'.
# Error: COMP96_0133: half_adder.vhq : (133, 32): Cannot find object declaration.
# Error: COMP96_0289: half_adder.vhq : (133, 32): Prefix of index must be an array.
# Error: COMP96_0085: half_adder.vhq : (133, 32): Time expression expected.
# Error: COMP96_0078: half_adder.vhq : (134, 26): Unknown identifier "PIN06".
# Error: COMP96_0078: half_adder.vhq : (134, 39): Unknown identifier "g_delay".
# Error: COMP96_0078: half_adder.vhq : (134, 60): Unknown identifier "tpLH_iob".
# Error: COMP96_0078: half_adder.vhq : (134, 69): Unknown identifier "tpHL_iob".
# Error: COMP96_0133: half_adder.vhq : (134, 26): Cannot find object declaration.
# Error: COMP96_0077: half_adder.vhq : (134, 22): Undefined type of expression. Expected type 'STD_ULOGIC'.
# Error: COMP96_0133: half_adder.vhq : (134, 39): Cannot find object declaration.
# Error: COMP96_0289: half_adder.vhq : (134, 39): Prefix of index must be an array.
# Error: COMP96_0085: half_adder.vhq : (134, 39): Time expression expected.
# Error: COMP96_0078: half_adder.vhq : (135, 20): Unknown identifier "PIN07".
# Error: COMP96_0078: half_adder.vhq : (135, 32): Unknown identifier "g_delay".
# Error: COMP96_0078: half_adder.vhq : (135, 52): Unknown identifier "tpLH_iob".
# Error: COMP96_0078: half_adder.vhq : (135, 61): Unknown identifier "tpHL_iob".
# Error: COMP96_0133: half_adder.vhq : (135, 20): Cannot find object declaration.
# Error: COMP96_0077: half_adder.vhq : (135, 20): Undefined type of expression. Expected type 'STD_ULOGIC'.
# Error: COMP96_0133: half_adder.vhq : (135, 32): Cannot find object declaration.
# Error: COMP96_0289: half_adder.vhq : (135, 32): Prefix of index must be an array.
# Error: COMP96_0085: half_adder.vhq : (135, 32): Time expression expected.
# Error: COMP96_0078: half_adder.vhq : (136, 26): Unknown identifier "PIN07".
# Error: COMP96_0078: half_adder.vhq : (136, 39): Unknown identifier "g_delay".
# Error: COMP96_0078: half_adder.vhq : (136, 60): Unknown identifier "tpLH_iob".
# Error: COMP96_0078: half_adder.vhq : (136, 69): Unknown identifier "tpHL_iob".
# Error: COMP96_0133: half_adder.vhq : (136, 26): Cannot find object declaration.
# Error: COMP96_0077: half_adder.vhq : (136, 22): Undefined type of expression. Expected type 'STD_ULOGIC'.
# Error: COMP96_0133: half_adder.vhq : (136, 39): Cannot find object declaration.
# Error: COMP96_0289: half_adder.vhq : (136, 39): Prefix of index must be an array.
# Error: COMP96_0085: half_adder.vhq : (136, 39): Time expression expected.
# Error: COMP96_0078: half_adder.vhq : (137, 20): Unknown identifier "PIN09".
# Error: COMP96_0078: half_adder.vhq : (137, 32): Unknown identifier "g_delay".
# Compile failure 100 Errors 0 Warnings  Analysis time :  0.1 [s]
# Library Manager: Library "lab02b" contents cleared.
acom -reorder -O3 -e 100 -work lab02b -2002  $dsn/src/half_adder_tb.vhd $dsn/src/half_adder.vhq
# Warning: DAGGEN_0523: The source is compiled without the -dbg switch. Line breakpoints and assertion debug will not be available.
# File: F:/ESE382-Lab/Lab2/lab02b/lab02b/src/half_adder_tb.vhd
# Compile Entity "testbench"
# Compile Architecture "behavior" of Entity "testbench"
# File: F:/ESE382-Lab/Lab2/lab02b/lab02b/src/half_adder.vhq
# Compile Entity "half_adder"
# Compile Architecture "structure" of Entity "half_adder"
# Incorrect order of units detected.
# Automatic reorder and incremental recompilation of required units in progress.
# Top-level unit(s) detected:
# Entity => testbench
# File: F:/ESE382-Lab/Lab2/lab02b/lab02b/src/half_adder_tb.vhd
# Compile Architecture "behavior" of Entity "testbench"
# Compile success 0 Errors 0 Warnings  Analysis time :  0.2 [s]
# ELBREAD: Elaboration process.
# ELBREAD: Error: Package not found: j2svlib (library: j2svlib).
# ELBREAD: Error: Elaboration process completed with errors.
# Design: Error: Elaboration failed
acom -O3 -e 100 -work lab02b -2002  $dsn/src/half_adder.vhq $dsn/src/half_adder_tb.vhd
# Warning: DAGGEN_0523: The source is compiled without the -dbg switch. Line breakpoints and assertion debug will not be available.
# File: F:/ESE382-Lab/Lab2/lab02b/lab02b/src/half_adder.vhq
# Compile Entity "half_adder"
# Compile Architecture "structure" of Entity "half_adder"
# File: F:/ESE382-Lab/Lab2/lab02b/lab02b/src/half_adder_tb.vhd
# Compile Entity "testbench"
# Compile Architecture "behavior" of Entity "testbench"
# Compile success 0 Errors 0 Warnings  Analysis time :  0.1 [s]
acom -O3 -e 100 -work lab02b -2002  $dsn/src/half_adder.vhq $dsn/src/half_adder_tb.vhd
# Warning: DAGGEN_0523: The source is compiled without the -dbg switch. Line breakpoints and assertion debug will not be available.
# File: F:/ESE382-Lab/Lab2/lab02b/lab02b/src/half_adder.vhq
# Compile Entity "half_adder"
# Compile Architecture "structure" of Entity "half_adder"
# File: F:/ESE382-Lab/Lab2/lab02b/lab02b/src/half_adder_tb.vhd
# Compile Entity "testbench"
# Compile Architecture "behavior" of Entity "testbench"
# Compile success 0 Errors 0 Warnings  Analysis time :  94.0 [ms]
# ELBREAD: Elaboration process.
# ELBREAD: Error: Package not found: j2svlib (library: j2svlib).
# ELBREAD: Error: Elaboration process completed with errors.
# Design: Error: Elaboration failed
# ELBREAD: Elaboration process.
# ELBREAD: Error: Package not found: j2svlib (library: j2svlib).
# ELBREAD: Error: Elaboration process completed with errors.
# Design: Error: Elaboration failed
# Library Manager: Library "j2svlib" attached.
# ELBREAD: Elaboration process.
# ELBREAD: Warning: Library 'j2svlib' containing package 'j2svlib' referenced in the entity 'half_adder(structure)' has been remapped.
# ELBREAD: Elaboration time 0.0 [s].
# Error: Accelerated Waveform: Simulation database is not connected. Initialize simulation or load simulation database by opening waveform file (AWC, ASDB).
asim -O5 +access +r +m+testbench testbench behavior
# ELBREAD: Elaboration process.
# ELBREAD: Warning: Library 'j2svlib' containing package 'j2svlib' referenced in the entity 'half_adder(structure)' has been remapped.
# ELBREAD: Elaboration time 0.0 [s].
# VSIM: Stack memory: 32MB
# VSIM: Retval memory: 32MB
# 
# KERNEL: Main thread initiated.
# KERNEL: Kernel process initialization phase.
# ELAB2: Elaboration final pass...
# ELAB2: Create instances ...
# KERNEL: Time resolution set to 1ps.
# ELAB2: Create instances complete.
# SLP: Started
# SLP: Elaboration phase ...
# SLP: Elaboration phase ... skipped, nothing to simulate in SLP mode : 0.0 [s]
# SLP: Finished : 0.0 [s]
# ELAB2: Elaboration final pass complete - time: 0.1 [s].
# KERNEL: Warning: You are using the Active-HDL EDU Edition. The performance of simulation is running at a reduced rate.
# KERNEL: Warning: Contact Aldec for available upgrade options - sales@aldec.com.
# KERNEL: Kernel process initialization done.
# Allocation: Simulator allocated 6516 kB (elbread=427 elab2=5947 kernel=141 sdf=0)
# KERNEL: ASDB file was created in location F:\ESE382-Lab\Lab2\lab02b\lab02b\src\wave.asdb
#  10:09 AM, Wednesday, February 7, 2024
#  Simulation has been initialized
# 4 object(s) traced.
# Waveform file 'untitled.awc' connected to 'F:/ESE382-Lab/Lab2/lab02b/lab02b/src/wave.asdb'.
run 400 ns
# KERNEL: Simulation has finished. There are no more test vectors to simulate.
endsim
# VSIM: Simulation has finished.
acom -O3 -e 100 -work lab02b -2002  $dsn/src/half_adder.vhq $dsn/src/half_adder_tb.vhd
# Warning: DAGGEN_0523: The source is compiled without the -dbg switch. Line breakpoints and assertion debug will not be available.
# File: F:/ESE382-Lab/Lab2/lab02b/lab02b/src/half_adder.vhq
# Compile Entity "half_adder"
# Compile Architecture "structure" of Entity "half_adder"
# File: F:/ESE382-Lab/Lab2/lab02b/lab02b/src/half_adder_tb.vhd
# Compile Entity "testbench"
# Compile Architecture "behavior" of Entity "testbench"
# Compile success 0 Errors 0 Warnings  Analysis time :  0.2 [s]
asim -O5 +access +r +m+testbench testbench behavior
# ELBREAD: Elaboration process.
# ELBREAD: Elaboration time 0.0 [s].
# VSIM: Stack memory: 32MB
# VSIM: Retval memory: 32MB
# 
# KERNEL: Main thread initiated.
# KERNEL: Kernel process initialization phase.
# ELAB2: Elaboration final pass...
# ELAB2: Create instances ...
# KERNEL: Time resolution set to 1ps.
# ELAB2: Create instances complete.
# SLP: Started
# SLP: Elaboration phase ...
# SLP: Elaboration phase ... skipped, nothing to simulate in SLP mode : 0.0 [s]
# SLP: Finished : 0.0 [s]
# ELAB2: Elaboration final pass complete - time: 0.0 [s].
# KERNEL: Warning: You are using the Active-HDL EDU Edition. The performance of simulation is running at a reduced rate.
# KERNEL: Warning: Contact Aldec for available upgrade options - sales@aldec.com.
# KERNEL: Kernel process initialization done.
# Allocation: Simulator allocated 6516 kB (elbread=427 elab2=5947 kernel=141 sdf=0)
# KERNEL: ASDB file was created in location F:\ESE382-Lab\Lab2\lab02b\lab02b\src\wave.asdb
#  10:14 AM, Wednesday, February 7, 2024
#  Simulation has been initialized
# Waveform file 'untitled.awc' connected to 'F:/ESE382-Lab/Lab2/lab02b/lab02b/src/wave.asdb'.
# 4 object(s) traced.
run 400 ns
# KERNEL: stopped at time: 400 ns
endsim
# VSIM: Simulation has finished.
acom -O3 -e 100 -work lab02b -2002  $dsn/src/half_adder.vhq $dsn/src/half_adder_tb.vhd
# Warning: DAGGEN_0523: The source is compiled without the -dbg switch. Line breakpoints and assertion debug will not be available.
# File: F:/ESE382-Lab/Lab2/lab02b/lab02b/src/half_adder.vhq
# Compile Entity "half_adder"
# Compile Architecture "structure" of Entity "half_adder"
# File: F:/ESE382-Lab/Lab2/lab02b/lab02b/src/half_adder_tb.vhd
# Compile Entity "testbench"
# Compile Architecture "behavior" of Entity "testbench"
# Compile success 0 Errors 0 Warnings  Analysis time :  0.1 [s]
asim -O5 +access +r +m+testbench testbench behavior
# ELBREAD: Elaboration process.
# ELBREAD: Elaboration time 0.0 [s].
# VSIM: Stack memory: 32MB
# VSIM: Retval memory: 32MB
# 
# KERNEL: Main thread initiated.
# KERNEL: Kernel process initialization phase.
# ELAB2: Elaboration final pass...
# ELAB2: Create instances ...
# KERNEL: Time resolution set to 1ps.
# ELAB2: Create instances complete.
# SLP: Started
# SLP: Elaboration phase ...
# SLP: Elaboration phase ... skipped, nothing to simulate in SLP mode : 0.0 [s]
# SLP: Finished : 0.0 [s]
# ELAB2: Elaboration final pass complete - time: 0.0 [s].
# KERNEL: Warning: You are using the Active-HDL EDU Edition. The performance of simulation is running at a reduced rate.
# KERNEL: Warning: Contact Aldec for available upgrade options - sales@aldec.com.
# KERNEL: Kernel process initialization done.
# Allocation: Simulator allocated 6515 kB (elbread=427 elab2=5946 kernel=141 sdf=0)
# KERNEL: ASDB file was created in location F:\ESE382-Lab\Lab2\lab02b\lab02b\src\wave.asdb
#  10:16 AM, Wednesday, February 7, 2024
#  Simulation has been initialized
# Waveform file 'untitled.awc' connected to 'F:/ESE382-Lab/Lab2/lab02b/lab02b/src/wave.asdb'.
# 4 object(s) traced.
run 400 ns
# KERNEL: Simulation has finished. There are no more test vectors to simulate.
endsim
# VSIM: Simulation has finished.
acom -O3 -e 100 -work lab02b -2002  $dsn/src/half_adder.vhq $dsn/src/half_adder_tb.vhd
# Warning: DAGGEN_0523: The source is compiled without the -dbg switch. Line breakpoints and assertion debug will not be available.
# File: F:/ESE382-Lab/Lab2/lab02b/lab02b/src/half_adder.vhq
# Compile Entity "half_adder"
# Compile Architecture "structure" of Entity "half_adder"
# File: F:/ESE382-Lab/Lab2/lab02b/lab02b/src/half_adder_tb.vhd
# Compile Entity "testbench"
# Compile Architecture "behavior" of Entity "testbench"
# Compile success 0 Errors 0 Warnings  Analysis time :  0.1 [s]
asim -O5 +access +r +m+testbench testbench behavior
# ELBREAD: Elaboration process.
# ELBREAD: Elaboration time 0.0 [s].
# VSIM: Stack memory: 32MB
# VSIM: Retval memory: 32MB
# 
# KERNEL: Main thread initiated.
# KERNEL: Kernel process initialization phase.
# ELAB2: Elaboration final pass...
# ELAB2: Create instances ...
# KERNEL: Time resolution set to 1ps.
# ELAB2: Create instances complete.
# SLP: Started
# SLP: Elaboration phase ...
# SLP: Elaboration phase ... skipped, nothing to simulate in SLP mode : 0.0 [s]
# SLP: Finished : 0.0 [s]
# ELAB2: Elaboration final pass complete - time: 0.0 [s].
# KERNEL: Warning: You are using the Active-HDL EDU Edition. The performance of simulation is running at a reduced rate.
# KERNEL: Warning: Contact Aldec for available upgrade options - sales@aldec.com.
# KERNEL: Kernel process initialization done.
# Allocation: Simulator allocated 6516 kB (elbread=427 elab2=5947 kernel=141 sdf=0)
# KERNEL: ASDB file was created in location F:\ESE382-Lab\Lab2\lab02b\lab02b\src\wave.asdb
#  10:19 AM, Wednesday, February 7, 2024
#  Simulation has been initialized
# Waveform file 'untitled.awc' connected to 'F:/ESE382-Lab/Lab2/lab02b/lab02b/src/wave.asdb'.
# 4 object(s) traced.
run 400 ns
# EXECUTION:: ERROR  : test failed for input combination 00
# EXECUTION:: Time: 200 ns,  Iteration: 0,  Instance: /testbench,  Process: tb.
# EXECUTION:: ERROR  : test failed for input combination 01
# EXECUTION:: Time: 400 ns,  Iteration: 0,  Instance: /testbench,  Process: tb.
# KERNEL: stopped at time: 400 ns
endsim
# VSIM: Simulation has finished.
asim -O5 +access +r +m+testbench testbench behavior
# ELBREAD: Elaboration process.
# ELBREAD: Elaboration time 0.0 [s].
# VSIM: Stack memory: 32MB
# VSIM: Retval memory: 32MB
# 
# KERNEL: Main thread initiated.
# KERNEL: Kernel process initialization phase.
# ELAB2: Elaboration final pass...
# ELAB2: Create instances ...
# KERNEL: Time resolution set to 1ps.
# ELAB2: Create instances complete.
# SLP: Started
# SLP: Elaboration phase ...
# SLP: Elaboration phase ... skipped, nothing to simulate in SLP mode : 0.0 [s]
# SLP: Finished : 0.0 [s]
# ELAB2: Elaboration final pass complete - time: 0.0 [s].
# KERNEL: Warning: You are using the Active-HDL EDU Edition. The performance of simulation is running at a reduced rate.
# KERNEL: Warning: Contact Aldec for available upgrade options - sales@aldec.com.
# KERNEL: Kernel process initialization done.
# Allocation: Simulator allocated 6516 kB (elbread=427 elab2=5947 kernel=141 sdf=0)
# KERNEL: ASDB file was created in location F:\ESE382-Lab\Lab2\lab02b\lab02b\src\wave.asdb
#  10:20 AM, Wednesday, February 7, 2024
#  Simulation has been initialized
# Waveform file 'untitled.awc' connected to 'F:/ESE382-Lab/Lab2/lab02b/lab02b/src/wave.asdb'.
run 800 ns
# EXECUTION:: ERROR  : test failed for input combination 00
# EXECUTION:: Time: 200 ns,  Iteration: 0,  Instance: /testbench,  Process: tb.
# EXECUTION:: ERROR  : test failed for input combination 01
# EXECUTION:: Time: 400 ns,  Iteration: 0,  Instance: /testbench,  Process: tb.
# KERNEL: Simulation has finished. There are no more test vectors to simulate.
# 4 object(s) traced.
run 800 ns
# KERNEL: stopped at time: 1600 ns
# KERNEL: Simulation has finished. There are no more test vectors to simulate.
endsim
# VSIM: Simulation has finished.
asim -O5 +access +r +m+testbench testbench behavior
# ELBREAD: Elaboration process.
# ELBREAD: Elaboration time 0.0 [s].
# VSIM: Stack memory: 32MB
# VSIM: Retval memory: 32MB
# 
# KERNEL: Main thread initiated.
# KERNEL: Kernel process initialization phase.
# ELAB2: Elaboration final pass...
# ELAB2: Create instances ...
# KERNEL: Time resolution set to 1ps.
# ELAB2: Create instances complete.
# SLP: Started
# SLP: Elaboration phase ...
# SLP: Elaboration phase ... skipped, nothing to simulate in SLP mode : 0.0 [s]
# SLP: Finished : 0.0 [s]
# ELAB2: Elaboration final pass complete - time: 0.0 [s].
# KERNEL: Warning: You are using the Active-HDL EDU Edition. The performance of simulation is running at a reduced rate.
# KERNEL: Warning: Contact Aldec for available upgrade options - sales@aldec.com.
# KERNEL: Kernel process initialization done.
# Allocation: Simulator allocated 6516 kB (elbread=427 elab2=5947 kernel=141 sdf=0)
# KERNEL: ASDB file was created in location F:\ESE382-Lab\Lab2\lab02b\lab02b\src\wave.asdb
#  10:21 AM, Wednesday, February 7, 2024
#  Simulation has been initialized
# Waveform file 'untitled.awc' connected to 'F:/ESE382-Lab/Lab2/lab02b/lab02b/src/wave.asdb'.
# 4 object(s) traced.
run 800 ns
# EXECUTION:: ERROR  : test failed for input combination 00
# EXECUTION:: Time: 200 ns,  Iteration: 0,  Instance: /testbench,  Process: tb.
# EXECUTION:: ERROR  : test failed for input combination 01
# EXECUTION:: Time: 400 ns,  Iteration: 0,  Instance: /testbench,  Process: tb.
# KERNEL: Simulation has finished. There are no more test vectors to simulate.
# Adding file F:\ESE382-Lab\Lab2\lab02b\lab02b\src\lab02b_waveform.awc ... Done
# Waveform file 'untitled.awc' connected to 'F:/ESE382-Lab/Lab2/lab02b/lab02b/src/untitled.asdb'.
# Adding file F:\ESE382-Lab\Lab2\lab02b\lab02b\src\untitled.asdb ... Done
# Adding file F:\ESE382-Lab\Lab2\lab02b\lab02b\src\untitled.awc ... Done
# Adding file F:\ESE382-Lab\Lab2\lab02b\lab02b\src\lab02b_waveform.awc ... Done
# Adding file F:\ESE382-Lab\Lab2\lab02b\lab02b\src\untitled.awc ... Done
