acom -reorder -O3 -e 100 -work half_sub -2002  $dsn/src/half_sub.vhd
# Warning: DAGGEN_0523: The source is compiled without the -dbg switch. Line breakpoints and assertion debug will not be available.
# File: F:/ESE382-Lab/Lab1/half_sub/half_sub/src/half_sub.vhd
# Compile Entity "half_sub"
# Compile Architecture "half_sub" of Entity "half_sub"
# Top-level unit(s) detected:
# Entity => half_sub
# Compile success 0 Errors 0 Warnings  Analysis time :  0.1 [s]
# ELBREAD: Elaboration process.
# ELBREAD: Elaboration time 0.0 [s].
acom -O3 -e 100 -work half_sub -2002  $dsn/src/half_sub_tb.vhd
# Warning: DAGGEN_0523: The source is compiled without the -dbg switch. Line breakpoints and assertion debug will not be available.
# File: F:/ESE382-Lab/Lab1/half_sub/half_sub/src/half_sub_tb.vhd
# Compile Entity "testbench"
# Compile Architecture "behavior" of Entity "testbench"
# Compile success 0 Errors 0 Warnings  Analysis time :  78.0 [ms]
# ELBREAD: Elaboration process.
# ELBREAD: Elaboration time 0.0 [s].
# Error: Accelerated Waveform: Simulation database is not connected. Initialize simulation or load simulation database by opening waveform file (AWC, ASDB).
# Error: Accelerated Waveform: Simulation database is not connected. Initialize simulation or load simulation database by opening waveform file (AWC, ASDB).
# Error: Accelerated Waveform: Simulation database is not connected. Initialize simulation or load simulation database by opening waveform file (AWC, ASDB).
asim -O5 +access +r +m+testbench testbench behavior
# ELBREAD: Elaboration process.
# ELBREAD: Elaboration time 0.0 [s].
# VSIM: Stack memory: 32MB
# VSIM: Retval memory: 32MB
# 
# KERNEL: Main thread initiated.
# KERNEL: Kernel process initialization phase.
# ELAB2: Elaboration final pass...
# ELAB2: Create instances ...
# KERNEL: Time resolution set to 1ps.
# ELAB2: Create instances complete.
# SLP: Started
# SLP: Elaboration phase ...
# SLP: Elaboration phase ... skipped, nothing to simulate in SLP mode : 0.0 [s]
# SLP: Finished : 0.0 [s]
# ELAB2: Elaboration final pass complete - time: 0.0 [s].
# KERNEL: Warning: You are using the Active-HDL EDU Edition. The performance of simulation is running at a reduced rate.
# KERNEL: Warning: Contact Aldec for available upgrade options - sales@aldec.com.
# KERNEL: Kernel process initialization done.
# Allocation: Simulator allocated 6422 kB (elbread=427 elab2=5856 kernel=139 sdf=0)
# KERNEL: ASDB file was created in location F:\ESE382-Lab\Lab1\half_sub\half_sub\src\wave.asdb
#  9:37 AM, Wednesday, January 31, 2024
#  Simulation has been initialized
run 80 ns
# KERNEL: Simulation has finished. There are no more test vectors to simulate.
# 1 object(s) traced.
# Waveform file 'untitled.awc' connected to 'F:/ESE382-Lab/Lab1/half_sub/half_sub/src/wave.asdb'.
# 1 object(s) traced.
# 1 object(s) traced.
# 1 object(s) traced.
run 80 ns
# KERNEL: stopped at time: 160 ns
# KERNEL: Simulation has finished. There are no more test vectors to simulate.
run 80 ns
# KERNEL: stopped at time: 240 ns
# KERNEL: Simulation has finished. There are no more test vectors to simulate.
acom -O3 -e 100 -work half_sub -2002  $dsn/src/half_sub.vhd
# Warning: DAGGEN_0523: The source is compiled without the -dbg switch. Line breakpoints and assertion debug will not be available.
# File: F:/ESE382-Lab/Lab1/half_sub/half_sub/src/half_sub.vhd
# Compile Entity "half_sub"
# Compile Architecture "half_sub" of Entity "half_sub"
# Compile success 0 Errors 0 Warnings  Analysis time :  0.1 [s]
acom -O3 -e 100 -work half_sub -2002  $dsn/src/half_sub_tb.vhd
# Warning: DAGGEN_0523: The source is compiled without the -dbg switch. Line breakpoints and assertion debug will not be available.
# File: F:/ESE382-Lab/Lab1/half_sub/half_sub/src/half_sub_tb.vhd
# Compile Entity "testbench"
# Compile Architecture "behavior" of Entity "testbench"
# Compile success 0 Errors 0 Warnings  Analysis time :  62.0 [ms]
endsim
# VSIM: Simulation has finished.
asim -O5 +access +r +m+testbench testbench behavior
# ELBREAD: Elaboration process.
# ELBREAD: Elaboration time 0.0 [s].
# VSIM: Stack memory: 32MB
# VSIM: Retval memory: 32MB
# 
acom -O3 -e 100 -work half_sub -2002  $dsn/src/half_sub.vhd
# Warning: DAGGEN_0523: The source is compiled without the -dbg switch. Line breakpoints and assertion debug will not be available.
# File: F:/ESE382-Lab/Lab1/half_sub/half_sub/src/half_sub.vhd
# Compile Entity "half_sub"
# Compile Architecture "dataflow" of Entity "half_sub"
# Error: COMP96_0111: half_sub.vhd : (45, 5): Labels do not match.
# Compile failure 1 Errors 0 Warnings  Analysis time :  47.0 [ms]
# ELBREAD: Elaboration process.
# ELBREAD: Elaboration time 0.0 [s].
# KERNEL: Main thread initiated.
# KERNEL: Kernel process initialization phase.
# ELAB2: Elaboration final pass...
# ELAB2: Create instances ...
# KERNEL: Time resolution set to 1ps.
# ELAB2: Create instances complete.
# SLP: Started
# SLP: Elaboration phase ...
# SLP: Elaboration phase ... skipped, nothing to simulate in SLP mode : 0.0 [s]
# SLP: Finished : 0.0 [s]
# ELAB2: Elaboration final pass complete - time: 0.0 [s].
# KERNEL: Warning: You are using the Active-HDL EDU Edition. The performance of simulation is running at a reduced rate.
# KERNEL: Warning: Contact Aldec for available upgrade options - sales@aldec.com.
# KERNEL: Kernel process initialization done.
# Allocation: Simulator allocated 6422 kB (elbread=427 elab2=5856 kernel=139 sdf=0)
# KERNEL: ASDB file was created in location F:\ESE382-Lab\Lab1\half_sub\half_sub\src\wave.asdb
#  10:08 AM, Wednesday, January 31, 2024
#  Simulation has been initialized
# Waveform file 'untitled.awc' connected to 'F:/ESE382-Lab/Lab1/half_sub/half_sub/src/wave.asdb'.
run 80 ns
# KERNEL: Simulation has finished. There are no more test vectors to simulate.
run 80 ns
acom -O3 -e 100 -work half_sub -2002  $dsn/src/half_sub.vhd
# Warning: DAGGEN_0523: The source is compiled without the -dbg switch. Line breakpoints and assertion debug will not be available.
# File: F:/ESE382-Lab/Lab1/half_sub/half_sub/src/half_sub.vhd
# Compile Entity "half_sub"
# Compile Architecture "dataflow" of Entity "half_sub"
# Compile success 0 Errors 0 Warnings  Analysis time :  0.1 [s]
# ELBREAD: Elaboration process.
# ELBREAD: Elaboration time 0.0 [s].
# 
# KERNEL: Main thread initiated.
# KERNEL: Kernel process initialization phase.
# ELAB2: Elaboration final pass...
# ELAB2: Create instances ...
# KERNEL: Time resolution set to 1ps.
# ELAB2: Create instances complete.
# SLP: Started
# SLP: Elaboration phase ...
# SLP: Elaboration phase ... skipped, nothing to simulate in SLP mode : 0.0 [s]
# SLP: Finished : 0.0 [s]
# ELAB2: Elaboration final pass complete - time: 0.0 [s].
# KERNEL: Warning: You are using the Active-HDL EDU Edition. The performance of simulation is running at a reduced rate.
# KERNEL: Warning: Contact Aldec for available upgrade options - sales@aldec.com.
# KERNEL: Kernel process initialization done.
# Allocation: Simulator allocated 6422 kB (elbread=427 elab2=5856 kernel=139 sdf=0)
# KERNEL: ASDB file was created in location F:\ESE382-Lab\Lab1\half_sub\half_sub\src\wave.asdb
#  10:08 AM, Wednesday, January 31, 2024
#  Simulation has been initialized
# Waveform file 'untitled.awc' connected to 'F:/ESE382-Lab/Lab1/half_sub/half_sub/src/wave.asdb'.
# 1 object(s) traced.
# 1 object(s) traced.
# 1 object(s) traced.
# 1 object(s) traced.
run 80 ns
# KERNEL: Simulation has finished. There are no more test vectors to simulate.
endsim
# VSIM: Simulation has finished.
asim -O5 +access +r +m+testbench testbench behavior
# ELBREAD: Elaboration process.
# ELBREAD: Elaboration time 0.0 [s].
# VSIM: Stack memory: 32MB
# VSIM: Retval memory: 32MB
# 
acom -O3 -e 100 -work half_sub -2002  $dsn/src/half_sub.vhd
# Warning: DAGGEN_0523: The source is compiled without the -dbg switch. Line breakpoints and assertion debug will not be available.
# File: F:/ESE382-Lab/Lab1/half_sub/half_sub/src/half_sub.vhd
# Compile Entity "half_sub"
# Compile Architecture "dataflow" of Entity "half_sub"
# Compile success 0 Errors 0 Warnings  Analysis time :  47.0 [ms]
# ELBREAD: Elaboration process.
# ELBREAD: Elaboration time 0.0 [s].
# KERNEL: Main thread initiated.
# KERNEL: Kernel process initialization phase.
# ELAB2: Elaboration final pass...
# ELAB2: Create instances ...
# KERNEL: Time resolution set to 1ps.
# ELAB2: Create instances complete.
# SLP: Started
# SLP: Elaboration phase ...
# SLP: Elaboration phase ... skipped, nothing to simulate in SLP mode : 0.0 [s]
# SLP: Finished : 0.0 [s]
# ELAB2: Elaboration final pass complete - time: 0.0 [s].
# KERNEL: Warning: You are using the Active-HDL EDU Edition. The performance of simulation is running at a reduced rate.
# KERNEL: Warning: Contact Aldec for available upgrade options - sales@aldec.com.
# KERNEL: Kernel process initialization done.
# Allocation: Simulator allocated 6422 kB (elbread=427 elab2=5856 kernel=139 sdf=0)
# KERNEL: ASDB file was created in location F:\ESE382-Lab\Lab1\half_sub\half_sub\src\wave.asdb
#  10:11 AM, Wednesday, January 31, 2024
#  Simulation has been initialized
# Waveform file 'untitled.awc' connected to 'F:/ESE382-Lab/Lab1/half_sub/half_sub/src/wave.asdb'.
run 80 ns
# KERNEL: Simulation has finished. There are no more test vectors to simulate.
acom -O3 -e 100 -work half_sub -2002  $dsn/src/half_sub.vhd
# Warning: DAGGEN_0523: The source is compiled without the -dbg switch. Line breakpoints and assertion debug will not be available.
# File: F:/ESE382-Lab/Lab1/half_sub/half_sub/src/half_sub.vhd
# Compile Entity "half_sub"
# Compile Architecture "dataflow" of Entity "half_sub"
# Compile success 0 Errors 0 Warnings  Analysis time :  0.1 [s]
run 80 ns
# KERNEL: stopped at time: 160 ns
# KERNEL: Simulation has finished. There are no more test vectors to simulate.
# 4 object(s) traced.
run 80 ns
# KERNEL: stopped at time: 240 ns
# KERNEL: Simulation has finished. There are no more test vectors to simulate.
endsim
# VSIM: Simulation has finished.
asim -O5 +access +r +m+testbench testbench behavior
# ELBREAD: Elaboration process.
# ELBREAD: Elaboration time 0.0 [s].
# VSIM: Stack memory: 32MB
# VSIM: Retval memory: 32MB
# 
# KERNEL: Main thread initiated.
# KERNEL: Kernel process initialization phase.
# ELAB2: Elaboration final pass...
# ELAB2: Create instances ...
# KERNEL: Time resolution set to 1ps.
# ELAB2: Create instances complete.
# SLP: Started
# SLP: Elaboration phase ...
# SLP: Elaboration phase ... skipped, nothing to simulate in SLP mode : 0.0 [s]
# SLP: Finished : 0.0 [s]
# ELAB2: Elaboration final pass complete - time: 0.0 [s].
# KERNEL: Warning: You are using the Active-HDL EDU Edition. The performance of simulation is running at a reduced rate.
# KERNEL: Warning: Contact Aldec for available upgrade options - sales@aldec.com.
# KERNEL: Kernel process initialization done.
# Allocation: Simulator allocated 6422 kB (elbread=427 elab2=5856 kernel=139 sdf=0)
# KERNEL: ASDB file was created in location F:\ESE382-Lab\Lab1\half_sub\half_sub\src\wave.asdb
#  10:11 AM, Wednesday, January 31, 2024
#  Simulation has been initialized
# Waveform file 'untitled.awc' connected to 'F:/ESE382-Lab/Lab1/half_sub/half_sub/src/wave.asdb'.
# 4 object(s) traced.
run 80 ns
# KERNEL: Simulation has finished. There are no more test vectors to simulate.
# Waveform file 'F:/ESE382-Lab/Lab1/half_sub/half_sub/src/half_sub.awc' connected to 'F:/ESE382-Lab/Lab1/half_sub/half_sub/src/half_sub.asdb'.
# Adding file F:\ESE382-Lab\Lab1\half_sub\half_sub\src\half_sub.asdb ... Done
# Adding file F:\ESE382-Lab\Lab1\half_sub\half_sub\src\half_sub.awc ... Done
