Active-HDL 12.0.118.7745 2024-03-20 09:45:10

Elaboration top modules:
Architecture                  testbench(two_level_gate_tb)


-------------------------------------------------------------------------------------------------------------------
Entity            | Architecture | Library                | Info | Compiler Version          | Compilation Options
-------------------------------------------------------------------------------------------------------------------
two_level_gate_tb | testbench    | two_level_gate_circuit |      | 12.0.118.7745 (Windows64) | -dbg -2008
two_level_gate    | behavioral   | two_level_gate_circuit |      | 12.0.118.7745 (Windows64) | -dbg -2008
-------------------------------------------------------------------------------------------------------------------

-------------------------------------------------------------------------------------------------------------------
VHDL Package                     | Library                | Info | Compiler Version          | Compilation Options
-------------------------------------------------------------------------------------------------------------------
standard                         | std                    |      |                           | <unavailable>
TEXTIO                           | std                    |      |                           | <unavailable>
std_logic_1164                   | ieee                   |      |                           | <unavailable>
ENV                              | std                    |      |                           | <unavailable>
NUMERIC_STD                      | ieee                   |      |                           | <unavailable>
-------------------------------------------------------------------------------------------------------------------

-------------------------------------------------------------------------------------------------------------------
Library                          | Comment
-------------------------------------------------------------------------------------------------------------------
ieee                             | Standard IEEE packages library
std                              | Standard VHDL library
two_level_gate_circuit           | None
-------------------------------------------------------------------------------------------------------------------
