
8 "number of signals after reading design file"

"sig    sig    sig pair blk fan                       PT xor sync"
"num   name   type  sig num out             pin node cnt  PT type"
"---   ----   ---- ---- --- ---             --- ---- --- --- ----"

 148         y2  0        0   0              -1   -1   2   0   21
 147         y1  0        1   0              -1   -1   2   0   21
 146         an  1   -1  -1   2  0  1        -1   -1
 145         gn  1   -1  -1   2  0  1        -1   -1
 144         b2  1   -1  -1   1  0           -1   -1
 143         a2  1   -1  -1   1  0           -1   -1
 142         b1  1   -1  -1   1     1        -1   -1
 141         a1  1   -1  -1   1     1        -1   -1
8 "number of signals after reading design file"

"sig    sig    sig pair blk fan                       PT xor sync"
"num   name   type  sig num out             pin node cnt  PT type"
"---   ----   ---- ---- --- ---             --- ---- --- --- ----"

 148         y2  0        0   0              -1   -1   2   0   21
 147         y1  0        1   0              -1   -1   2   0   21
 146         an  1   -1  -1   2  0  1        -1   -1
 145         gn  1   -1  -1   2  0  1        -1   -1
 144         b2  1   -1  -1   1  0           -1   -1
 143         a2  1   -1  -1   1  0           -1   -1
 142         b1  1   -1  -1   1     1        -1   -1
 141         a1  1   -1  -1   1     1        -1   -1
8 "number of signals after reading design file"

"sig    sig    sig pair blk fan                       PT xor sync"
"num   name   type  sig num out             pin node cnt  PT type"
"---   ----   ---- ---- --- ---             --- ---- --- --- ----"

  42         y2  0        3   0              42   -1   2   0   21
  41         y1  0        3   0              41   -1   2   0   21
  16         b1  1   -1  -1   1           3  16   -1
  15         b2  1   -1  -1   1           3  15   -1
  14         a1  1   -1  -1   1           3  14   -1
  13         a2  1   -1  -1   1           3  13   -1
   3         an  1   -1  -1   1           3   3   -1
   2         gn  1   -1  -1   1           3   2   -1