Active-HDL 12.0.118.7745 2024-02-07 10:21:20

Elaboration top modules:
Architecture                  behavior(testbench)


---------------------------------------------------------------------------------------------
Entity     | Architecture | Library | Info | Compiler Version          | Compilation Options
---------------------------------------------------------------------------------------------
testbench  | behavior     | lab02b  |      | 12.0.118.7745 (Windows64) | -O3
half_adder | structure    | lab02b  |      | 12.0.118.7745 (Windows64) | -O3
---------------------------------------------------------------------------------------------

---------------------------------------------------------------------------------------------
VHDL Package              | Library | Info | Compiler Version          | Compilation Options
---------------------------------------------------------------------------------------------
standard                  | std     |      |                           | <unavailable>
TEXTIO                    | std     |      |                           | <unavailable>
std_logic_1164            | ieee    |      |                           | <unavailable>
j2svlib                   | j2svlib |      |                           | <unavailable>
---------------------------------------------------------------------------------------------

---------------------------------------------------------------------------------------------
Library                   | Comment
---------------------------------------------------------------------------------------------
ieee                      | Standard IEEE packages library
j2svlib                   | LATTICE ispLEVER Classic 1.4, j2svlib VHDL LIBRARY
lab02b                    | None
std                       | Standard VHDL library
---------------------------------------------------------------------------------------------


Simulation Options: asim -O5 +access +r +m+testbench testbench behavior


The performance of simulation is reduced. Version EDU Edition
