
Copyright (C) 1994-2022 Synopsys, Inc.
This Synopsys software and all associated documentation are proprietary to Synopsys, Inc.
and may only be used pursuant to the terms and conditions of a written license agreement
with Synopsys, Inc. All other use, reproduction, modification, or distribution of the
Synopsys software or the associated documentation is strictly prohibited.
Tool: Synplify Pro (R)
Build: S-2021.09-SP2
Install: C:\Synopsys\fpga_S-2021.09-SP2
OS: Windows 10 or later
Hostname: DESKTOP-VAQIVAN

Implementation : rev_1
Synopsys HDL compiler and linker, Version comp202109syn, Build 243R, Built Jun  1 2022 05:18:42, @

Modified Files: 10
FID:  path (prevtimestamp, timestamp)
0        C:\Synopsys\fpga_S-2021.09-SP2\lib\vhd\arith.vhd (N/A, 2022-06-01 07:53:32)
1        C:\Synopsys\fpga_S-2021.09-SP2\lib\vhd\hyperents.vhd (N/A, 2022-06-01 07:53:32)
2        C:\Synopsys\fpga_S-2021.09-SP2\lib\vhd\location.map (N/A, 2022-06-01 07:53:32)
3        C:\Synopsys\fpga_S-2021.09-SP2\lib\vhd\numeric.vhd (N/A, 2022-06-01 07:53:32)
4        C:\Synopsys\fpga_S-2021.09-SP2\lib\vhd\snps_haps_pkg.vhd (N/A, 2022-06-01 07:53:32)
5        C:\Synopsys\fpga_S-2021.09-SP2\lib\vhd\std.vhd (N/A, 2022-06-01 07:53:32)
6        C:\Synopsys\fpga_S-2021.09-SP2\lib\vhd\std1164.vhd (N/A, 2022-06-01 07:53:32)
7        C:\Synopsys\fpga_S-2021.09-SP2\lib\vhd\umr_capim.vhd (N/A, 2022-06-01 07:53:32)
8        C:\Synopsys\fpga_S-2021.09-SP2\lib\vhd\unsigned.vhd (N/A, 2022-06-01 07:53:32)
9        F:\ESE382-Lab\Lab7\feedback\feedback\src\feedback.vhd (N/A, 2024-03-20 10:15:42)

*******************************************************************
Modules that may have changed as a result of file changes: 1
MID:  lib.cell.view
0        work.nandwfb.fb may have changed because the following files changed:
                        F:\ESE382-Lab\Lab7\feedback\feedback\src\feedback.vhd (N/A, 2024-03-20 10:15:42) <-- (architecture and entity definition)

*******************************************************************
Unmodified files: 0
FID:  path (timestamp)

*******************************************************************
Unchanged modules: 0
MID:  lib.cell.view
